<?xml version="1.0" encoding="UTF-8"?>
<testsuite name="stream.book.BookTestSuite" tests="2" skipped="0" failures="0" errors="0" timestamp="2018-05-08T15:34:06" hostname="DESKTOP-M8OJLM8" time="0.006">
  <properties/>
  <testcase name="testGetListUsingFor" classname="stream.book.BookTestSuite" time="0.001"/>
  <testcase name="testGetListUsingIntStream" classname="stream.book.BookTestSuite" time="0.005"/>
  <system-out><![CDATA[]]></system-out>
  <system-err><![CDATA[]]></system-err>
</testsuite>
