<?xml version="1.0" encoding="UTF-8"?>
<testsuite name="stream.world.WorldTestSuite" tests="1" skipped="0" failures="0" errors="0" timestamp="2018-05-08T15:34:06" hostname="DESKTOP-M8OJLM8" time="0.005">
  <properties/>
  <testcase name="testPeopleQ" classname="stream.world.WorldTestSuite" time="0.005"/>
  <system-out><![CDATA[]]></system-out>
  <system-err><![CDATA[]]></system-err>
</testsuite>
