<?xml version="1.0" encoding="UTF-8"?>
<testsuite name="stream.invoice.simple.SimpleInvoiceTestSuite" tests="1" skipped="0" failures="0" errors="0" timestamp="2018-05-08T15:34:06" hostname="DESKTOP-M8OJLM8" time="0.003">
  <properties/>
  <testcase name="testGetValueToPay" classname="stream.invoice.simple.SimpleInvoiceTestSuite" time="0.003"/>
  <system-out><![CDATA[]]></system-out>
  <system-err><![CDATA[]]></system-err>
</testsuite>
