<?xml version="1.0" encoding="UTF-8"?>
<testsuite name="stream.forum.ForumUserTestSuite" tests="2" skipped="0" failures="0" errors="0" timestamp="2018-05-08T15:34:06" hostname="DESKTOP-M8OJLM8" time="0.007">
  <properties/>
  <testcase name="testGetLocationsOfFriends" classname="stream.forum.ForumUserTestSuite" time="0.005"/>
  <testcase name="testGetLocationsOfFriendsOfFriends" classname="stream.forum.ForumUserTestSuite" time="0.002"/>
  <system-out><![CDATA[]]></system-out>
  <system-err><![CDATA[]]></system-err>
</testsuite>
