<?xml version="1.0" encoding="UTF-8"?>
<testsuite name="com.kodilla.testing.forum.statistics.TestStatistics" tests="6" skipped="0" failures="0" errors="0" timestamp="2018-05-08T15:34:08" hostname="DESKTOP-M8OJLM8" time="0.151">
  <properties/>
  <testcase name="testCommentsLessThanPosts" classname="com.kodilla.testing.forum.statistics.TestStatistics" time="0.148"/>
  <testcase name="testOf1000Posts" classname="com.kodilla.testing.forum.statistics.TestStatistics" time="0.001"/>
  <testcase name="testCommentsMoreThanPosts" classname="com.kodilla.testing.forum.statistics.TestStatistics" time="0.0"/>
  <testcase name="testZeroPosts" classname="com.kodilla.testing.forum.statistics.TestStatistics" time="0.001"/>
  <testcase name="testOfUsersZero" classname="com.kodilla.testing.forum.statistics.TestStatistics" time="0.0"/>
  <testcase name="test100Users" classname="com.kodilla.testing.forum.statistics.TestStatistics" time="0.0"/>
  <system-out><![CDATA[]]></system-out>
  <system-err><![CDATA[]]></system-err>
</testsuite>
