<?xml version="1.0" encoding="UTF-8"?>
<testsuite name="test.FlightTestSuite" tests="1" skipped="0" failures="0" errors="0" timestamp="2018-05-08T15:34:02" hostname="DESKTOP-M8OJLM8" time="0.013">
  <properties/>
  <testcase name="testFindFlight" classname="test.FlightTestSuite" time="0.013"/>
  <system-out><![CDATA[]]></system-out>
  <system-err><![CDATA[]]></system-err>
</testsuite>
